#-----------------------------------------------------------
# Vivado v2018.3 (64-bit)
# SW Build 2405991 on Thu Dec  6 23:38:27 MST 2018
# IP Build 2404404 on Fri Dec  7 01:43:56 MST 2018
# Start of session at: Thu Oct 26 11:59:07 2023
# Process ID: 9420
# Current directory: C:/Users/user/Desktop/SoC/project_2
# Command line: vivado.exe -gui_launcher_event rodinguilauncherevent12892 C:\Users\user\Desktop\SoC\project_2\project_2.xpr
# Log file: C:/Users/user/Desktop/SoC/project_2/vivado.log
# Journal file: C:/Users/user/Desktop/SoC/project_2\vivado.jou
#-----------------------------------------------------------
start_gui
open_project C:/Users/user/Desktop/SoC/project_2/project_2.xpr
INFO: [Project 1-313] Project file moved from 'C:/Users/Student/project_2' since last save.
Scanning sources...
Finished scanning sources
CRITICAL WARNING: [Board 49-67] The board_part definition was not found for e-elements:ego-xz7:part0:1.1. This can happen sometimes when you use custom board part. You can resolve this issue by setting 'board.repoPaths' parameter, pointing to the location of custom board files. Valid board_part values can be retrieved with the 'get_board_parts' Tcl command.
INFO: [IP_Flow 19-234] Refreshing IP repositories
INFO: [IP_Flow 19-1704] No user IP repositories specified
INFO: [IP_Flow 19-2313] Loaded Vivado IP repository 'C:/Xilinx/Vivado/2018.3/data/ip'.
WARNING: [BD 41-1661] One or more IPs have been locked in the design 'design_1.bd'. Please run report_ip_status for more details and recommendations on how to fix this issue.
List of locked IPs:
design_1_axi_gpio_0_0
design_1_processing_system7_0_0
design_1_axi_gpio_1_0
design_1_rst_ps7_0_50M_0

open_project: Time (s): cpu = 00:00:14 ; elapsed = 00:00:07 . Memory (MB): peak = 864.781 ; gain = 183.563
update_compile_order -fileset sources_1
launch_sdk -workspace C:/Users/user/Desktop/SoC/project_2/project_2.sdk -hwspec C:/Users/user/Desktop/SoC/project_2/project_2.sdk/design_1_wrapper.hdf
INFO: [Vivado 12-393] Launching SDK...
INFO: [Vivado 12-417] Running xsdk -workspace C:/Users/user/Desktop/SoC/project_2/project_2.sdk -hwspec C:/Users/user/Desktop/SoC/project_2/project_2.sdk/design_1_wrapper.hdf
INFO: [Vivado 12-3157] SDK launch initiated. Please check console for any further messages.
exit
INFO: [Common 17-206] Exiting Vivado at Thu Oct 26 12:01:25 2023...
