16:09:21 INFO  : Registering command handlers for SDK TCF services
16:09:22 INFO  : Launching XSCT server: xsct.bat -interactive C:\Users\Student\project_2\project_2.sdk\temp_xsdb_launch_script.tcl
16:09:24 INFO  : XSCT server has started successfully.
16:09:24 INFO  : Successfully done setting XSCT server connection channel  
16:09:24 INFO  : Successfully done setting SDK workspace  
16:09:25 INFO  : Processing command line option -hwspec C:/Users/Student/project_2/project_2.sdk/design_1_wrapper.hdf.
16:16:23 INFO  : Connected to target on host '127.0.0.1' and port '3121'.
16:16:24 INFO  : 'targets -set -filter {jtag_cable_name =~ "Xilinx TUL 1234-tulA" && level==0} -index 1' command is executed.
16:16:27 INFO  : FPGA configured successfully with bitstream "C:/Users/Student/project_2/project_2.sdk/design_1_wrapper_hw_platform_0/design_1_wrapper.bit"
16:16:56 INFO  : 'targets -set -filter {jtag_cable_name =~ "Xilinx TUL 1234-tulA" && level==0} -index 1' command is executed.
16:16:56 INFO  : 'fpga -state' command is executed.
16:16:56 INFO  : Connected to target on host '127.0.0.1' and port '3121'.
16:16:56 INFO  : Jtag cable 'Xilinx TUL 1234-tulA' is selected.
16:16:56 INFO  : 'jtag frequency' command is executed.
16:16:56 INFO  : Sourcing of 'C:/Users/Student/project_2/project_2.sdk/design_1_wrapper_hw_platform_0/ps7_init.tcl' is done.
16:16:56 INFO  : Context for 'APU' is selected.
16:16:56 INFO  : Hardware design information is loaded from 'C:/Users/Student/project_2/project_2.sdk/design_1_wrapper_hw_platform_0/system.hdf'.
16:16:56 INFO  : 'configparams force-mem-access 1' command is executed.
16:16:56 INFO  : Context for 'APU' is selected.
16:16:56 INFO  : 'stop' command is executed.
16:16:56 INFO  : 'ps7_init' command is executed.
16:16:56 INFO  : 'ps7_post_config' command is executed.
16:16:56 INFO  : Context for processor 'ps7_cortexa9_0' is selected.
16:16:56 INFO  : Processor reset is completed for 'ps7_cortexa9_0'.
16:16:56 INFO  : Context for processor 'ps7_cortexa9_0' is selected.
16:16:57 INFO  : The application 'C:/Users/Student/project_2/project_2.sdk/HW_2/Debug/HW_2.elf' is downloaded to processor 'ps7_cortexa9_0'.
16:16:57 INFO  : 'configparams force-mem-access 0' command is executed.
16:16:57 INFO  : ----------------XSDB Script----------------
connect -url tcp:127.0.0.1:3121
source C:/Users/Student/project_2/project_2.sdk/design_1_wrapper_hw_platform_0/ps7_init.tcl
targets -set -nocase -filter {name =~"APU*" && jtag_cable_name =~ "Xilinx TUL 1234-tulA"} -index 0
loadhw -hw C:/Users/Student/project_2/project_2.sdk/design_1_wrapper_hw_platform_0/system.hdf -mem-ranges [list {0x40000000 0xbfffffff}]
configparams force-mem-access 1
targets -set -nocase -filter {name =~"APU*" && jtag_cable_name =~ "Xilinx TUL 1234-tulA"} -index 0
stop
ps7_init
ps7_post_config
targets -set -nocase -filter {name =~ "ARM*#0" && jtag_cable_name =~ "Xilinx TUL 1234-tulA"} -index 0
rst -processor
targets -set -nocase -filter {name =~ "ARM*#0" && jtag_cable_name =~ "Xilinx TUL 1234-tulA"} -index 0
dow C:/Users/Student/project_2/project_2.sdk/HW_2/Debug/HW_2.elf
configparams force-mem-access 0
----------------End of Script----------------

16:16:57 INFO  : Memory regions updated for context APU
16:16:57 INFO  : Context for processor 'ps7_cortexa9_0' is selected.
16:16:57 INFO  : 'con' command is executed.
16:16:57 INFO  : ----------------XSDB Script (After Launch)----------------
targets -set -nocase -filter {name =~ "ARM*#0" && jtag_cable_name =~ "Xilinx TUL 1234-tulA"} -index 0
con
----------------End of Script----------------

16:16:57 INFO  : Launch script is exported to file 'C:\Users\Student\project_2\project_2.sdk\.sdk\launch_scripts\xilinx_c-c++_application_(system_debugger)\system_debugger_using_debug_hw_2.elf_on_local.tcl'
16:20:16 INFO  : Disconnected from the channel tcfchan#1.
16:20:17 INFO  : 'targets -set -filter {jtag_cable_name =~ "Xilinx TUL 1234-tulA" && level==0} -index 1' command is executed.
16:20:17 INFO  : 'fpga -state' command is executed.
16:20:17 INFO  : Connected to target on host '127.0.0.1' and port '3121'.
16:20:17 INFO  : Jtag cable 'Xilinx TUL 1234-tulA' is selected.
16:20:17 INFO  : 'jtag frequency' command is executed.
16:20:17 INFO  : Sourcing of 'C:/Users/Student/project_2/project_2.sdk/design_1_wrapper_hw_platform_0/ps7_init.tcl' is done.
16:20:17 INFO  : Context for 'APU' is selected.
16:20:19 INFO  : Hardware design information is loaded from 'C:/Users/Student/project_2/project_2.sdk/design_1_wrapper_hw_platform_0/system.hdf'.
16:20:19 INFO  : 'configparams force-mem-access 1' command is executed.
16:20:19 INFO  : Context for 'APU' is selected.
16:20:19 INFO  : 'stop' command is executed.
16:20:19 INFO  : 'ps7_init' command is executed.
16:20:19 INFO  : 'ps7_post_config' command is executed.
16:20:19 INFO  : Context for processor 'ps7_cortexa9_0' is selected.
16:20:19 INFO  : Processor reset is completed for 'ps7_cortexa9_0'.
16:20:19 INFO  : Context for processor 'ps7_cortexa9_0' is selected.
16:20:19 INFO  : The application 'C:/Users/Student/project_2/project_2.sdk/HW_2/Debug/HW_2.elf' is downloaded to processor 'ps7_cortexa9_0'.
16:20:19 INFO  : 'configparams force-mem-access 0' command is executed.
16:20:19 INFO  : ----------------XSDB Script----------------
connect -url tcp:127.0.0.1:3121
source C:/Users/Student/project_2/project_2.sdk/design_1_wrapper_hw_platform_0/ps7_init.tcl
targets -set -nocase -filter {name =~"APU*" && jtag_cable_name =~ "Xilinx TUL 1234-tulA"} -index 0
loadhw -hw C:/Users/Student/project_2/project_2.sdk/design_1_wrapper_hw_platform_0/system.hdf -mem-ranges [list {0x40000000 0xbfffffff}]
configparams force-mem-access 1
targets -set -nocase -filter {name =~"APU*" && jtag_cable_name =~ "Xilinx TUL 1234-tulA"} -index 0
stop
ps7_init
ps7_post_config
targets -set -nocase -filter {name =~ "ARM*#0" && jtag_cable_name =~ "Xilinx TUL 1234-tulA"} -index 0
rst -processor
targets -set -nocase -filter {name =~ "ARM*#0" && jtag_cable_name =~ "Xilinx TUL 1234-tulA"} -index 0
dow C:/Users/Student/project_2/project_2.sdk/HW_2/Debug/HW_2.elf
configparams force-mem-access 0
----------------End of Script----------------

16:20:19 INFO  : Memory regions updated for context APU
16:20:19 INFO  : Context for processor 'ps7_cortexa9_0' is selected.
16:20:19 INFO  : 'con' command is executed.
16:20:19 INFO  : ----------------XSDB Script (After Launch)----------------
targets -set -nocase -filter {name =~ "ARM*#0" && jtag_cable_name =~ "Xilinx TUL 1234-tulA"} -index 0
con
----------------End of Script----------------

16:20:19 INFO  : Launch script is exported to file 'C:\Users\Student\project_2\project_2.sdk\.sdk\launch_scripts\xilinx_c-c++_application_(system_debugger)\system_debugger_using_debug_hw_2.elf_on_local.tcl'
16:22:10 INFO  : Disconnected from the channel tcfchan#2.
11:59:51 INFO  : Registering command handlers for SDK TCF services
11:59:52 INFO  : Launching XSCT server: xsct.bat -interactive C:\Users\user\Desktop\SoC\project_2\project_2.sdk\temp_xsdb_launch_script.tcl
11:59:54 INFO  : XSCT server has started successfully.
11:59:56 INFO  : Successfully done setting XSCT server connection channel  
11:59:56 INFO  : Processing command line option -hwspec C:/Users/user/Desktop/SoC/project_2/project_2.sdk/design_1_wrapper.hdf.
11:59:59 INFO  : Successfully done setting SDK workspace  
12:00:14 INFO  : 'targets -set -filter {jtag_cable_name =~ "Xilinx TUL 1234-tulA" && level==0} -index 1' command is executed.
12:00:14 INFO  : 'fpga -state' command is executed.
12:00:14 INFO  : Connected to target on host '127.0.0.1' and port '3121'.
12:00:14 INFO  : Jtag cable 'Xilinx TUL 1234-tulA' is selected.
12:00:14 INFO  : 'jtag frequency' command is executed.
12:00:15 INFO  : Sourcing of 'C:/Users/user/Desktop/SoC/project_2/project_2.sdk/design_1_wrapper_hw_platform_0/ps7_init.tcl' is done.
12:00:15 INFO  : Context for 'APU' is selected.
12:00:15 INFO  : Hardware design information is loaded from 'C:/Users/user/Desktop/SoC/project_2/project_2.sdk/design_1_wrapper_hw_platform_0/system.hdf'.
12:00:15 INFO  : 'configparams force-mem-access 1' command is executed.
12:00:15 INFO  : Context for 'APU' is selected.
12:00:15 INFO  : 'stop' command is executed.
12:00:15 INFO  : 'ps7_init' command is executed.
12:00:15 INFO  : 'ps7_post_config' command is executed.
12:00:15 INFO  : Context for processor 'ps7_cortexa9_0' is selected.
12:00:15 INFO  : Processor reset is completed for 'ps7_cortexa9_0'.
12:00:15 INFO  : Context for processor 'ps7_cortexa9_0' is selected.
12:00:15 INFO  : The application 'C:/Users/user/Desktop/SoC/project_2/project_2.sdk/HW_2/Debug/HW_2.elf' is downloaded to processor 'ps7_cortexa9_0'.
12:00:15 INFO  : 'configparams force-mem-access 0' command is executed.
12:00:15 INFO  : ----------------XSDB Script----------------
connect -url tcp:127.0.0.1:3121
source C:/Users/user/Desktop/SoC/project_2/project_2.sdk/design_1_wrapper_hw_platform_0/ps7_init.tcl
targets -set -nocase -filter {name =~"APU*" && jtag_cable_name =~ "Xilinx TUL 1234-tulA"} -index 0
loadhw -hw C:/Users/user/Desktop/SoC/project_2/project_2.sdk/design_1_wrapper_hw_platform_0/system.hdf -mem-ranges [list {0x40000000 0xbfffffff}]
configparams force-mem-access 1
targets -set -nocase -filter {name =~"APU*" && jtag_cable_name =~ "Xilinx TUL 1234-tulA"} -index 0
stop
ps7_init
ps7_post_config
targets -set -nocase -filter {name =~ "ARM*#0" && jtag_cable_name =~ "Xilinx TUL 1234-tulA"} -index 0
rst -processor
targets -set -nocase -filter {name =~ "ARM*#0" && jtag_cable_name =~ "Xilinx TUL 1234-tulA"} -index 0
dow C:/Users/user/Desktop/SoC/project_2/project_2.sdk/HW_2/Debug/HW_2.elf
configparams force-mem-access 0
----------------End of Script----------------

12:00:15 INFO  : Memory regions updated for context APU
12:00:16 INFO  : Context for processor 'ps7_cortexa9_0' is selected.
12:00:16 INFO  : 'con' command is executed.
12:00:16 INFO  : ----------------XSDB Script (After Launch)----------------
targets -set -nocase -filter {name =~ "ARM*#0" && jtag_cable_name =~ "Xilinx TUL 1234-tulA"} -index 0
con
----------------End of Script----------------

12:00:16 INFO  : Launch script is exported to file 'C:\Users\user\Desktop\SoC\project_2\project_2.sdk\.sdk\launch_scripts\xilinx_c-c++_application_(system_debugger)\system_debugger_using_debug_hw_2.elf_on_local.tcl'
12:00:34 INFO  : Connected to target on host '127.0.0.1' and port '3121'.
12:00:34 INFO  : 'targets -set -filter {jtag_cable_name =~ "Xilinx TUL 1234-tulA" && level==0} -index 1' command is executed.
12:00:37 INFO  : FPGA configured successfully with bitstream "C:/Users/user/Desktop/SoC/project_2/project_2.sdk/design_1_wrapper_hw_platform_0/design_1_wrapper.bit"
12:00:47 INFO  : Disconnected from the channel tcfchan#1.
12:00:48 INFO  : 'targets -set -filter {jtag_cable_name =~ "Xilinx TUL 1234-tulA" && level==0} -index 1' command is executed.
12:00:48 INFO  : 'fpga -state' command is executed.
12:00:48 INFO  : Connected to target on host '127.0.0.1' and port '3121'.
12:00:48 INFO  : Jtag cable 'Xilinx TUL 1234-tulA' is selected.
12:00:48 INFO  : 'jtag frequency' command is executed.
12:00:48 INFO  : Sourcing of 'C:/Users/user/Desktop/SoC/project_2/project_2.sdk/design_1_wrapper_hw_platform_0/ps7_init.tcl' is done.
12:00:48 INFO  : Context for 'APU' is selected.
12:00:49 INFO  : Hardware design information is loaded from 'C:/Users/user/Desktop/SoC/project_2/project_2.sdk/design_1_wrapper_hw_platform_0/system.hdf'.
12:00:49 INFO  : 'configparams force-mem-access 1' command is executed.
12:00:49 INFO  : Context for 'APU' is selected.
12:00:49 INFO  : 'stop' command is executed.
12:00:50 INFO  : 'ps7_init' command is executed.
12:00:50 INFO  : 'ps7_post_config' command is executed.
12:00:50 INFO  : Context for processor 'ps7_cortexa9_0' is selected.
12:00:50 INFO  : Processor reset is completed for 'ps7_cortexa9_0'.
12:00:50 INFO  : Context for processor 'ps7_cortexa9_0' is selected.
12:00:50 INFO  : The application 'C:/Users/user/Desktop/SoC/project_2/project_2.sdk/HW_2/Debug/HW_2.elf' is downloaded to processor 'ps7_cortexa9_0'.
12:00:50 INFO  : 'configparams force-mem-access 0' command is executed.
12:00:50 INFO  : ----------------XSDB Script----------------
connect -url tcp:127.0.0.1:3121
source C:/Users/user/Desktop/SoC/project_2/project_2.sdk/design_1_wrapper_hw_platform_0/ps7_init.tcl
targets -set -nocase -filter {name =~"APU*" && jtag_cable_name =~ "Xilinx TUL 1234-tulA"} -index 0
loadhw -hw C:/Users/user/Desktop/SoC/project_2/project_2.sdk/design_1_wrapper_hw_platform_0/system.hdf -mem-ranges [list {0x40000000 0xbfffffff}]
configparams force-mem-access 1
targets -set -nocase -filter {name =~"APU*" && jtag_cable_name =~ "Xilinx TUL 1234-tulA"} -index 0
stop
ps7_init
ps7_post_config
targets -set -nocase -filter {name =~ "ARM*#0" && jtag_cable_name =~ "Xilinx TUL 1234-tulA"} -index 0
rst -processor
targets -set -nocase -filter {name =~ "ARM*#0" && jtag_cable_name =~ "Xilinx TUL 1234-tulA"} -index 0
dow C:/Users/user/Desktop/SoC/project_2/project_2.sdk/HW_2/Debug/HW_2.elf
configparams force-mem-access 0
----------------End of Script----------------

12:00:50 INFO  : Memory regions updated for context APU
12:00:50 INFO  : Context for processor 'ps7_cortexa9_0' is selected.
12:00:50 INFO  : 'con' command is executed.
12:00:50 INFO  : ----------------XSDB Script (After Launch)----------------
targets -set -nocase -filter {name =~ "ARM*#0" && jtag_cable_name =~ "Xilinx TUL 1234-tulA"} -index 0
con
----------------End of Script----------------

12:00:50 INFO  : Launch script is exported to file 'C:\Users\user\Desktop\SoC\project_2\project_2.sdk\.sdk\launch_scripts\xilinx_c-c++_application_(system_debugger)\system_debugger_using_debug_hw_2.elf_on_local.tcl'
12:01:21 INFO  : Disconnected from the channel tcfchan#2.
